0 info it worked if it ends with ok
1 verbose cli [ '/home/vagrant/.nvm/versions/node/v6.2.2/bin/node',
1 verbose cli   '/home/vagrant/.nvm/versions/node/v6.2.2/bin/npm',
1 verbose cli   'start' ]
2 info using npm@3.9.5
3 info using node@v6.2.2
4 verbose run-script [ 'prestart', 'start', 'poststart' ]
5 info lifecycle lift-off-fitness@1.0.0~prestart: lift-off-fitness@1.0.0
6 silly lifecycle lift-off-fitness@1.0.0~prestart: no script for prestart, continuing
7 info lifecycle lift-off-fitness@1.0.0~start: lift-off-fitness@1.0.0
8 verbose lifecycle lift-off-fitness@1.0.0~start: unsafe-perm in lifecycle true
9 verbose lifecycle lift-off-fitness@1.0.0~start: PATH: /home/vagrant/.nvm/versions/node/v6.2.2/lib/node_modules/npm/bin/node-gyp-bin:/vagrant/code/node_modules/.bin:/home/vagrant/.nvm/versions/node/v6.2.2/bin:/home/vagrant/.nvm/versions/node/v6.2.2/bin:/usr/local/sbin:/usr/local/bin:/usr/sbin:/usr/bin:/sbin:/bin:/usr/games:/usr/local/games
10 verbose lifecycle lift-off-fitness@1.0.0~start: CWD: /vagrant/code
11 silly lifecycle lift-off-fitness@1.0.0~start: Args: [ '-c', 'nodemon -L app.js' ]
12 silly lifecycle lift-off-fitness@1.0.0~start: Returned: code: 1  signal: null
13 info lifecycle lift-off-fitness@1.0.0~start: Failed to exec start script
14 verbose stack Error: lift-off-fitness@1.0.0 start: `nodemon -L app.js`
14 verbose stack Exit status 1
14 verbose stack     at EventEmitter.<anonymous> (/home/vagrant/.nvm/versions/node/v6.2.2/lib/node_modules/npm/lib/utils/lifecycle.js:245:16)
14 verbose stack     at emitTwo (events.js:106:13)
14 verbose stack     at EventEmitter.emit (events.js:191:7)
14 verbose stack     at ChildProcess.<anonymous> (/home/vagrant/.nvm/versions/node/v6.2.2/lib/node_modules/npm/lib/utils/spawn.js:24:14)
14 verbose stack     at emitTwo (events.js:106:13)
14 verbose stack     at ChildProcess.emit (events.js:191:7)
14 verbose stack     at maybeClose (internal/child_process.js:852:16)
14 verbose stack     at Process.ChildProcess._handle.onexit (internal/child_process.js:215:5)
15 verbose pkgid lift-off-fitness@1.0.0
16 verbose cwd /vagrant/code
17 error Linux 3.13.0-91-generic
18 error argv "/home/vagrant/.nvm/versions/node/v6.2.2/bin/node" "/home/vagrant/.nvm/versions/node/v6.2.2/bin/npm" "start"
19 error node v6.2.2
20 error npm  v3.9.5
21 error code ELIFECYCLE
22 error lift-off-fitness@1.0.0 start: `nodemon -L app.js`
22 error Exit status 1
23 error Failed at the lift-off-fitness@1.0.0 start script 'nodemon -L app.js'.
23 error Make sure you have the latest version of node.js and npm installed.
23 error If you do, this is most likely a problem with the lift-off-fitness package,
23 error not with npm itself.
23 error Tell the author that this fails on your system:
23 error     nodemon -L app.js
23 error You can get information on how to open an issue for this project with:
23 error     npm bugs lift-off-fitness
23 error Or if that isn't available, you can get their info via:
23 error     npm owner ls lift-off-fitness
23 error There is likely additional logging output above.
24 verbose exit [ 1, true ]
